3 263 231 2 
4 198 163 287 165 
3 117 66 211 
8 261 239 23 199 120 135 257 151 
7 299 18 122 90 262 189 183 
6 184 218 157 229 208 130 
8 99 225 32 67 194 77 175 274 
5 133 50 279 247 132 
8 134 58 14 71 37 206 149 169 
7 281 26 5 145 270 278 84 
6 267 83 51 256 69 9 
7 15 40 138 43 143 52 173 
10 87 64 195 10 252 186 46 240 1 272 
12 75 53 121 101 45 288 154 233 123 153 49 94 
8 212 246 57 230 298 251 293 178 
7 296 8 19 55 297 30 97 
6 220 124 16 100 196 47 
8 62 105 284 197 176 155 126 215 
8 88 174 191 6 235 280 141 228 
12 210 96 214 102 114 140 248 223 264 265 104 59 
10 80 56 91 82 237 89 291 219 192 17 
11 275 162 259 125 86 207 81 292 266 142 106 
9 180 243 258 11 118 250 205 12 242 
9 286 224 68 3 48 93 289 182 112 
13 4 227 107 129 202 209 269 76 201 131 98 152 78 
12 54 33 285 172 185 253 190 70 283 35 238 115 
9 65 144 277 244 236 160 119 139 31 
14 72 171 166 29 213 268 282 109 61 177 42 25 255 181 
14 221 74 156 245 79 204 254 111 271 295 170 73 147 20 
11 164 161 95 136 290 187 188 222 158 27 22 
12 249 103 13 137 63 200 60 39 146 217 28 241 
9 116 108 7 0 38 44 113 226 128 
8 34 41 148 92 276 150 232 21 
6 167 85 127 193 260 273 
4 179 203 159 294 
3 36 234 24 
1 110 
1 216 
0 
0 
0 
0 
0 
0 
0 
0 
0 
0 
0 
0 
0 
0 
0 
0 
0 
0 
0 
0 
0 
0 
0 
0 
0 
0 
0 
0 
0 
0 
0 
0 
0 
0 
0 
0 
0 
0 
0 
0 
0 
0 
0 
0 
0 
0 
0 
0 
0 
0 
0 
0 
0 
0 
0 
0 
0 
0 
0 
0 
0 
0 
